# JRE version: Java(TM) SE Runtime Environment (24.0.1+9) (build 24.0.1+9-30)
# Java VM: Java HotSpot(TM) 64-Bit Server VM (24.0.1+9-30, mixed mode, sharing, tiered, compressed oops, compressed class ptrs, g1 gc, windows-amd64)
GC Precious Log:
 CardTable entry size: 512
 Card Set container configuration: InlinePtr #cards 4 size 8 Array Of Cards #cards 32 size 80 Howl #buckets 8 coarsen threshold 7372 Howl Bitmap #cards 1024 size 144 coarsen threshold 921 Card regions per heap region 1 cards per card region 8192
 CPUs: 32 total, 32 available
 Memory: 32491M
 Large Page Support: Disabled
 NUMA Support: Disabled
 Compressed Oops: Enabled (Zero based)
 Heap Region Size: 4M
 Heap Min Capacity: 8M
 Heap Initial Capacity: 508M
 Heap Max Capacity: 8124M
 Pre-touch: Disabled
 Parallel Workers: 23
 Concurrent Workers: 6
 Concurrent Refinement Workers: 23
 Periodic GC: Disabled
Heap:
 garbage-first heap   total reserved 8318976K, committed 880640K, used 400797K [0x0000000604400000, 0x0000000800000000)
  region size 4096K, 38 young (155648K), 4 survivors (16384K)
 Metaspace       used 78998K, committed 80640K, reserved 1179648K
  class space    used 6542K, committed 7232K, reserved 1048576K
GC Heap History (20 events):
Event: 8514.994 GC heap before
{Heap before GC invocations=131 (full 0):
 garbage-first heap   total reserved 8318976K, committed 1036288K, used 1030863K [0x0000000604400000, 0x0000000800000000)
  region size 4096K, 90 young (368640K), 3 survivors (12288K)
 Metaspace       used 78871K, committed 80640K, reserved 1179648K
  class space    used 6533K, committed 7232K, reserved 1048576K
}
Event: 8515.003 GC heap after
{Heap after GC invocations=132 (full 0):
 garbage-first heap   total reserved 8318976K, committed 1052672K, used 286400K [0x0000000604400000, 0x0000000800000000)
  region size 4096K, 4 young (16384K), 4 survivors (16384K)
 Metaspace       used 78871K, committed 80640K, reserved 1179648K
  class space    used 6533K, committed 7232K, reserved 1048576K
}
Event: 8607.815 GC heap before
{Heap before GC invocations=132 (full 0):
 garbage-first heap   total reserved 8318976K, committed 1118208K, used 1109696K [0x0000000604400000, 0x0000000800000000)
  region size 4096K, 94 young (385024K), 4 survivors (16384K)
 Metaspace       used 78882K, committed 80640K, reserved 1179648K
  class space    used 6533K, committed 7232K, reserved 1048576K
}
Event: 8607.828 GC heap after
{Heap after GC invocations=133 (full 0):
 garbage-first heap   total reserved 8318976K, committed 1142784K, used 187210K [0x0000000604400000, 0x0000000800000000)
  region size 4096K, 3 young (12288K), 3 survivors (12288K)
 Metaspace       used 78882K, committed 80640K, reserved 1179648K
  class space    used 6533K, committed 7232K, reserved 1048576K
}
Event: 8607.938 GC heap before
{Heap before GC invocations=133 (full 0):
 garbage-first heap   total reserved 8318976K, committed 1142784K, used 228170K [0x0000000604400000, 0x0000000800000000)
  region size 4096K, 14 young (57344K), 3 survivors (12288K)
 Metaspace       used 78883K, committed 80640K, reserved 1179648K
  class space    used 6533K, committed 7232K, reserved 1048576K
}
Event: 8607.944 GC heap after
{Heap after GC invocations=134 (full 0):
 garbage-first heap   total reserved 8318976K, committed 1142784K, used 202237K [0x0000000604400000, 0x0000000800000000)
  region size 4096K, 6 young (24576K), 6 survivors (24576K)
 Metaspace       used 78883K, committed 80640K, reserved 1179648K
  class space    used 6533K, committed 7232K, reserved 1048576K
}
Event: 8757.943 GC heap before
{Heap before GC invocations=135 (full 0):
 garbage-first heap   total reserved 8318976K, committed 966656K, used 959997K [0x0000000604400000, 0x0000000800000000)
  region size 4096K, 96 young (393216K), 6 survivors (24576K)
 Metaspace       used 78902K, committed 80640K, reserved 1179648K
  class space    used 6533K, committed 7232K, reserved 1048576K
}
Event: 8757.948 GC heap after
{Heap after GC invocations=136 (full 0):
 garbage-first heap   total reserved 8318976K, committed 978944K, used 186198K [0x0000000604400000, 0x0000000800000000)
  region size 4096K, 2 young (8192K), 2 survivors (8192K)
 Metaspace       used 78902K, committed 80640K, reserved 1179648K
  class space    used 6533K, committed 7232K, reserved 1048576K
}
Event: 8841.759 GC heap before
{Heap before GC invocations=136 (full 0):
 garbage-first heap   total reserved 8318976K, committed 1003520K, used 952150K [0x0000000604400000, 0x0000000800000000)
  region size 4096K, 110 young (450560K), 2 survivors (8192K)
 Metaspace       used 78903K, committed 80640K, reserved 1179648K
  class space    used 6533K, committed 7232K, reserved 1048576K
}
Event: 8841.765 GC heap after
{Heap after GC invocations=137 (full 0):
 garbage-first heap   total reserved 8318976K, committed 1003520K, used 168884K [0x0000000604400000, 0x0000000800000000)
  region size 4096K, 1 young (4096K), 1 survivors (4096K)
 Metaspace       used 78903K, committed 80640K, reserved 1179648K
  class space    used 6533K, committed 7232K, reserved 1048576K
}
Event: 8844.359 GC heap before
{Heap before GC invocations=137 (full 0):
 garbage-first heap   total reserved 8318976K, committed 1003520K, used 230324K [0x0000000604400000, 0x0000000800000000)
  region size 4096K, 18 young (73728K), 1 survivors (4096K)
 Metaspace       used 78903K, committed 80640K, reserved 1179648K
  class space    used 6533K, committed 7232K, reserved 1048576K
}
Event: 8844.367 GC heap after
{Heap after GC invocations=138 (full 0):
 garbage-first heap   total reserved 8318976K, committed 1003520K, used 193573K [0x0000000604400000, 0x0000000800000000)
  region size 4096K, 7 young (28672K), 7 survivors (28672K)
 Metaspace       used 78903K, committed 80640K, reserved 1179648K
  class space    used 6533K, committed 7232K, reserved 1048576K
}
Event: 8910.974 GC heap before
{Heap before GC invocations=139 (full 0):
 garbage-first heap   total reserved 8318976K, committed 888832K, used 877605K [0x0000000604400000, 0x0000000800000000)
  region size 4096K, 95 young (389120K), 7 survivors (28672K)
 Metaspace       used 78917K, committed 80640K, reserved 1179648K
  class space    used 6534K, committed 7232K, reserved 1048576K
}
Event: 8910.980 GC heap after
{Heap after GC invocations=140 (full 0):
 garbage-first heap   total reserved 8318976K, committed 909312K, used 181983K [0x0000000604400000, 0x0000000800000000)
  region size 4096K, 4 young (16384K), 4 survivors (16384K)
 Metaspace       used 78917K, committed 80640K, reserved 1179648K
  class space    used 6534K, committed 7232K, reserved 1048576K
}
Event: 9104.521 GC heap before
{Heap before GC invocations=140 (full 0):
 garbage-first heap   total reserved 8318976K, committed 974848K, used 960223K [0x0000000604400000, 0x0000000800000000)
  region size 4096K, 115 young (471040K), 4 survivors (16384K)
 Metaspace       used 78973K, committed 80640K, reserved 1179648K
  class space    used 6539K, committed 7232K, reserved 1048576K
}
Event: 9104.536 GC heap after
{Heap after GC invocations=141 (full 0):
 garbage-first heap   total reserved 8318976K, committed 983040K, used 159036K [0x0000000604400000, 0x0000000800000000)
  region size 4096K, 1 young (4096K), 1 survivors (4096K)
 Metaspace       used 78973K, committed 80640K, reserved 1179648K
  class space    used 6539K, committed 7232K, reserved 1048576K
}
Event: 9108.428 GC heap before
{Heap before GC invocations=141 (full 0):
 garbage-first heap   total reserved 8318976K, committed 983040K, used 224572K [0x0000000604400000, 0x0000000800000000)
  region size 4096K, 19 young (77824K), 1 survivors (4096K)
 Metaspace       used 78973K, committed 80640K, reserved 1179648K
  class space    used 6539K, committed 7232K, reserved 1048576K
}
Event: 9108.434 GC heap after
{Heap after GC invocations=142 (full 0):
 garbage-first heap   total reserved 8318976K, committed 983040K, used 161484K [0x0000000604400000, 0x0000000800000000)
  region size 4096K, 2 young (8192K), 2 survivors (8192K)
 Metaspace       used 78973K, committed 80640K, reserved 1179648K
  class space    used 6539K, committed 7232K, reserved 1048576K
}
Event: 9188.707 GC heap before
{Heap before GC invocations=143 (full 0):
 garbage-first heap   total reserved 8318976K, committed 860160K, used 845516K [0x0000000604400000, 0x0000000800000000)
  region size 4096K, 90 young (368640K), 2 survivors (8192K)
 Metaspace       used 78990K, committed 80640K, reserved 1179648K
  class space    used 6542K, committed 7232K, reserved 1048576K
}
Event: 9188.715 GC heap after
{Heap after GC invocations=144 (full 0):
 garbage-first heap   total reserved 8318976K, committed 880640K, used 204189K [0x0000000604400000, 0x0000000800000000)
  region size 4096K, 4 young (16384K), 4 survivors (16384K)
 Metaspace       used 78990K, committed 80640K, reserved 1179648K
  class space    used 6542K, committed 7232K, reserved 1048576K
}

